<?xml version="1.0" encoding="UTF-8"?>
<testsuite xmlns:xsi="http://www.w3.org/2001/XMLSchema-instance" xsi:noNamespaceSchemaLocation="https://maven.apache.org/surefire/maven-surefire-plugin/xsd/surefire-test-report.xsd" name="MyTest" time="0.066" tests="7" errors="0" skipped="0" failures="0">
  <properties>
    <property name="java.specification.version" value="16"/>
    <property name="sun.jnu.encoding" value="UTF-8"/>
    <property name="java.class.path" value="/Users/alexisescutia/Downloads/aescut3Project2/Fall2021Project2_connect4/target/test-classes:/Users/alexisescutia/Downloads/aescut3Project2/Fall2021Project2_connect4/target/classes:/Users/alexisescutia/.m2/repository/org/junit/jupiter/junit-jupiter/5.6.2/junit-jupiter-5.6.2.jar:/Users/alexisescutia/.m2/repository/org/junit/jupiter/junit-jupiter-api/5.6.2/junit-jupiter-api-5.6.2.jar:/Users/alexisescutia/.m2/repository/org/apiguardian/apiguardian-api/1.1.0/apiguardian-api-1.1.0.jar:/Users/alexisescutia/.m2/repository/org/opentest4j/opentest4j/1.2.0/opentest4j-1.2.0.jar:/Users/alexisescutia/.m2/repository/org/junit/platform/junit-platform-commons/1.6.2/junit-platform-commons-1.6.2.jar:/Users/alexisescutia/.m2/repository/org/junit/jupiter/junit-jupiter-params/5.6.2/junit-jupiter-params-5.6.2.jar:/Users/alexisescutia/.m2/repository/org/junit/jupiter/junit-jupiter-engine/5.6.2/junit-jupiter-engine-5.6.2.jar:/Users/alexisescutia/.m2/repository/org/junit/platform/junit-platform-engine/1.6.2/junit-platform-engine-1.6.2.jar:/Users/alexisescutia/.m2/repository/org/openjfx/javafx-controls/12.0.1/javafx-controls-12.0.1.jar:/Users/alexisescutia/.m2/repository/org/openjfx/javafx-controls/12.0.1/javafx-controls-12.0.1-mac.jar:/Users/alexisescutia/.m2/repository/org/openjfx/javafx-graphics/12.0.1/javafx-graphics-12.0.1.jar:/Users/alexisescutia/.m2/repository/org/openjfx/javafx-graphics/12.0.1/javafx-graphics-12.0.1-mac.jar:/Users/alexisescutia/.m2/repository/org/openjfx/javafx-base/12.0.1/javafx-base-12.0.1.jar:/Users/alexisescutia/.m2/repository/org/openjfx/javafx-base/12.0.1/javafx-base-12.0.1-mac.jar:/Users/alexisescutia/.m2/repository/org/openjfx/javafx-fxml/12/javafx-fxml-12.jar:/Users/alexisescutia/.m2/repository/org/openjfx/javafx-fxml/12/javafx-fxml-12-mac.jar:"/>
    <property name="java.vm.vendor" value="Homebrew"/>
    <property name="sun.arch.data.model" value="64"/>
    <property name="java.vendor.url" value="https://github.com/Homebrew/homebrew-core/issues"/>
    <property name="os.name" value="Mac OS X"/>
    <property name="java.vm.specification.version" value="16"/>
    <property name="sun.java.launcher" value="SUN_STANDARD"/>
    <property name="user.country" value="US"/>
    <property name="sun.boot.library.path" value="/usr/local/Cellar/openjdk/16.0.2/libexec/openjdk.jdk/Contents/Home/lib"/>
    <property name="sun.java.command" value="/Users/alexisescutia/Downloads/aescut3Project2/Fall2021Project2_connect4/target/surefire/surefirebooter5501564389066987566.jar /Users/alexisescutia/Downloads/aescut3Project2/Fall2021Project2_connect4/target/surefire 2021-12-06T08-41-44_010-jvmRun1 surefire2743915494195220086tmp surefire_08689636720231548474tmp"/>
    <property name="http.nonProxyHosts" value="local|*.local|169.254/16|*.169.254/16"/>
    <property name="jdk.debug" value="release"/>
    <property name="surefire.test.class.path" value="/Users/alexisescutia/Downloads/aescut3Project2/Fall2021Project2_connect4/target/test-classes:/Users/alexisescutia/Downloads/aescut3Project2/Fall2021Project2_connect4/target/classes:/Users/alexisescutia/.m2/repository/org/junit/jupiter/junit-jupiter/5.6.2/junit-jupiter-5.6.2.jar:/Users/alexisescutia/.m2/repository/org/junit/jupiter/junit-jupiter-api/5.6.2/junit-jupiter-api-5.6.2.jar:/Users/alexisescutia/.m2/repository/org/apiguardian/apiguardian-api/1.1.0/apiguardian-api-1.1.0.jar:/Users/alexisescutia/.m2/repository/org/opentest4j/opentest4j/1.2.0/opentest4j-1.2.0.jar:/Users/alexisescutia/.m2/repository/org/junit/platform/junit-platform-commons/1.6.2/junit-platform-commons-1.6.2.jar:/Users/alexisescutia/.m2/repository/org/junit/jupiter/junit-jupiter-params/5.6.2/junit-jupiter-params-5.6.2.jar:/Users/alexisescutia/.m2/repository/org/junit/jupiter/junit-jupiter-engine/5.6.2/junit-jupiter-engine-5.6.2.jar:/Users/alexisescutia/.m2/repository/org/junit/platform/junit-platform-engine/1.6.2/junit-platform-engine-1.6.2.jar:/Users/alexisescutia/.m2/repository/org/openjfx/javafx-controls/12.0.1/javafx-controls-12.0.1.jar:/Users/alexisescutia/.m2/repository/org/openjfx/javafx-controls/12.0.1/javafx-controls-12.0.1-mac.jar:/Users/alexisescutia/.m2/repository/org/openjfx/javafx-graphics/12.0.1/javafx-graphics-12.0.1.jar:/Users/alexisescutia/.m2/repository/org/openjfx/javafx-graphics/12.0.1/javafx-graphics-12.0.1-mac.jar:/Users/alexisescutia/.m2/repository/org/openjfx/javafx-base/12.0.1/javafx-base-12.0.1.jar:/Users/alexisescutia/.m2/repository/org/openjfx/javafx-base/12.0.1/javafx-base-12.0.1-mac.jar:/Users/alexisescutia/.m2/repository/org/openjfx/javafx-fxml/12/javafx-fxml-12.jar:/Users/alexisescutia/.m2/repository/org/openjfx/javafx-fxml/12/javafx-fxml-12-mac.jar:"/>
    <property name="sun.cpu.endian" value="little"/>
    <property name="user.home" value="/Users/alexisescutia"/>
    <property name="user.language" value="en"/>
    <property name="java.specification.vendor" value="Oracle Corporation"/>
    <property name="java.version.date" value="2021-07-20"/>
    <property name="java.home" value="/usr/local/Cellar/openjdk/16.0.2/libexec/openjdk.jdk/Contents/Home"/>
    <property name="file.separator" value="/"/>
    <property name="basedir" value="/Users/alexisescutia/Downloads/aescut3Project2/Fall2021Project2_connect4"/>
    <property name="java.vm.compressedOopsMode" value="Zero based"/>
    <property name="line.separator" value="&#10;"/>
    <property name="java.specification.name" value="Java Platform API Specification"/>
    <property name="java.vm.specification.vendor" value="Oracle Corporation"/>
    <property name="surefire.real.class.path" value="/Users/alexisescutia/Downloads/aescut3Project2/Fall2021Project2_connect4/target/surefire/surefirebooter5501564389066987566.jar"/>
    <property name="sun.management.compiler" value="HotSpot 64-Bit Tiered Compilers"/>
    <property name="ftp.nonProxyHosts" value="local|*.local|169.254/16|*.169.254/16"/>
    <property name="java.runtime.version" value="16.0.2+0"/>
    <property name="user.name" value="alexisescutia"/>
    <property name="path.separator" value=":"/>
    <property name="os.version" value="12.0.1"/>
    <property name="java.runtime.name" value="OpenJDK Runtime Environment"/>
    <property name="file.encoding" value="UTF-8"/>
    <property name="java.vm.name" value="OpenJDK 64-Bit Server VM"/>
    <property name="java.vendor.version" value="Homebrew"/>
    <property name="localRepository" value="/Users/alexisescutia/.m2/repository"/>
    <property name="java.vendor.url.bug" value="https://github.com/Homebrew/homebrew-core/issues"/>
    <property name="java.io.tmpdir" value="/var/folders/8z/4jh1pv2s54q23vmghw6k_1500000gn/T/"/>
    <property name="java.version" value="16.0.2"/>
    <property name="user.dir" value="/Users/alexisescutia/Downloads/aescut3Project2/Fall2021Project2_connect4"/>
    <property name="os.arch" value="x86_64"/>
    <property name="java.vm.specification.name" value="Java Virtual Machine Specification"/>
    <property name="java.library.path" value="/Users/alexisescutia/Library/Java/Extensions:/Library/Java/Extensions:/Network/Library/Java/Extensions:/System/Library/Java/Extensions:/usr/lib/java:."/>
    <property name="java.vm.info" value="mixed mode, sharing"/>
    <property name="java.vendor" value="Homebrew"/>
    <property name="java.vm.version" value="16.0.2+0"/>
    <property name="sun.io.unicode.encoding" value="UnicodeBig"/>
    <property name="socksNonProxyHosts" value="local|*.local|169.254/16|*.169.254/16"/>
    <property name="java.class.version" value="60.0"/>
  </properties>
  <testcase name="winDiagonalTest1" classname="MyTest" time="0.033"/>
  <testcase name="winDiagonalTest2" classname="MyTest" time="0"/>
  <testcase name="winDiagonalTest3" classname="MyTest" time="0.003"/>
  <testcase name="winVerticalTest1" classname="MyTest" time="0.001"/>
  <testcase name="winVerticalTest2" classname="MyTest" time="0.006"/>
  <testcase name="winHorizontalTest1" classname="MyTest" time="0"/>
  <testcase name="winHorizontalTest2" classname="MyTest" time="0"/>
</testsuite>